<?xml version="1.0" encoding="utf-8"?><testsuites name="pytest tests"><testsuite name="pytest" errors="0" failures="2" skipped="0" tests="14" time="8.298" timestamp="2026-01-23T17:56:37.961576+00:00" hostname="agent-env-2d17dfc7-9331-4d29-ae07-9fdea6f671d6"><testcase classname="tests.test_stock_detail_api.TestStockPriceAPI" name="test_get_reliance_price" time="0.444" /><testcase classname="tests.test_stock_detail_api.TestStockPriceAPI" name="test_get_tcs_price" time="0.102" /><testcase classname="tests.test_stock_detail_api.TestStockPriceAPI" name="test_get_infy_price" time="0.143" /><testcase classname="tests.test_stock_detail_api.TestStockPriceAPI" name="test_invalid_symbol_returns_error" time="2.529"><failure message="assert 520 in [404, 500]&#10; +  where 520 = &lt;Response [520]&gt;.status_code">tests/test_stock_detail_api.py:62: in test_invalid_symbol_returns_error
    assert response.status_code in [404, 500]
E   assert 520 in [404, 500]
E    +  where 520 = &lt;Response [520]&gt;.status_code</failure></testcase><testcase classname="tests.test_stock_detail_api.TestStockHistoryAPI" name="test_reliance_history_1m" time="0.176" /><testcase classname="tests.test_stock_detail_api.TestStockHistoryAPI" name="test_tcs_history_1w" time="0.121" /><testcase classname="tests.test_stock_detail_api.TestStockHistoryAPI" name="test_infy_history_3m" time="0.213" /><testcase classname="tests.test_stock_detail_api.TestStockHistoryAPI" name="test_reliance_history_1y" time="0.222" /><testcase classname="tests.test_stock_detail_api.TestTechnicalAnalysisAPI" name="test_reliance_technical_scan" time="0.345" /><testcase classname="tests.test_stock_detail_api.TestTechnicalAnalysisAPI" name="test_tcs_technical_scan" time="0.482" /><testcase classname="tests.test_stock_detail_api.TestTechnicalAnalysisAPI" name="test_infy_technical_scan" time="0.429" /><testcase classname="tests.test_stock_detail_api.TestWatchlistAPI" name="test_check_watchlist_status" time="0.471" /><testcase classname="tests.test_stock_detail_api.TestWatchlistAPI" name="test_add_to_watchlist" time="2.169"><failure message="assert 404 in [200, 201, 409]&#10; +  where 404 = &lt;Response [404]&gt;.status_code">tests/test_stock_detail_api.py:197: in test_add_to_watchlist
    assert response.status_code in [200, 201, 409]
E   assert 404 in [200, 201, 409]
E    +  where 404 = &lt;Response [404]&gt;.status_code</failure></testcase><testcase classname="tests.test_stock_detail_api.TestWatchlistAPI" name="test_remove_from_watchlist" time="0.339" /></testsuite></testsuites>